# JRE version: Java(TM) SE Runtime Environment (17.0.1+12) (build 17.0.1+12-LTS-39)
# Java VM: Java HotSpot(TM) 64-Bit Server VM (17.0.1+12-LTS-39, mixed mode, sharing, tiered, compressed oops, compressed class ptrs, g1 gc, windows-amd64)
GC Precious Log:
 CPUs: 4 total, 4 available
 Memory: 8061M
 Large Page Support: Disabled
 NUMA Support: Disabled
 Compressed Oops: Enabled (32-bit)
 Heap Region Size: 1M
 Heap Min Capacity: 8M
 Heap Initial Capacity: 126M
 Heap Max Capacity: 2016M
 Pre-touch: Disabled
 Parallel Workers: 4
 Concurrent Workers: 1
 Concurrent Refinement Workers: 4
 Periodic GC: Disabled
Heap:
 garbage-first heap   total 71680K, used 58655K [0x0000000082000000, 0x0000000100000000)
  region size 1024K, 29 young (29696K), 1 survivors (1024K)
 Metaspace       used 68461K, committed 69056K, reserved 1114112K
  class space    used 9321K, committed 9600K, reserved 1048576K
GC Heap History (20 events):
Event: 14.431 GC heap before
{Heap before GC invocations=20 (full 0):
 garbage-first heap   total 71680K, used 57059K [0x0000000082000000, 0x0000000100000000)
  region size 1024K, 35 young (35840K), 4 survivors (4096K)
 Metaspace       used 62257K, committed 62784K, reserved 1105920K
  class space    used 8425K, committed 8640K, reserved 1048576K
}
Event: 14.443 GC heap after
{Heap after GC invocations=21 (full 0):
 garbage-first heap   total 71680K, used 27386K [0x0000000082000000, 0x0000000100000000)
  region size 1024K, 5 young (5120K), 5 survivors (5120K)
 Metaspace       used 62257K, committed 62784K, reserved 1105920K
  class space    used 8425K, committed 8640K, reserved 1048576K
}
Event: 15.859 GC heap before
{Heap before GC invocations=21 (full 0):
 garbage-first heap   total 71680K, used 57082K [0x0000000082000000, 0x0000000100000000)
  region size 1024K, 34 young (34816K), 5 survivors (5120K)
 Metaspace       used 64664K, committed 65216K, reserved 1105920K
  class space    used 8762K, committed 9024K, reserved 1048576K
}
Event: 15.871 GC heap after
{Heap after GC invocations=22 (full 0):
 garbage-first heap   total 71680K, used 30432K [0x0000000082000000, 0x0000000100000000)
  region size 1024K, 5 young (5120K), 5 survivors (5120K)
 Metaspace       used 64664K, committed 65216K, reserved 1105920K
  class space    used 8762K, committed 9024K, reserved 1048576K
}
Event: 19.780 GC heap before
{Heap before GC invocations=22 (full 0):
 garbage-first heap   total 71680K, used 56032K [0x0000000082000000, 0x0000000100000000)
  region size 1024K, 31 young (31744K), 5 survivors (5120K)
 Metaspace       used 66886K, committed 67456K, reserved 1114112K
  class space    used 9109K, committed 9408K, reserved 1048576K
}
Event: 19.787 GC heap after
{Heap after GC invocations=23 (full 0):
 garbage-first heap   total 71680K, used 32386K [0x0000000082000000, 0x0000000100000000)
  region size 1024K, 2 young (2048K), 2 survivors (2048K)
 Metaspace       used 66886K, committed 67456K, reserved 1114112K
  class space    used 9109K, committed 9408K, reserved 1048576K
}
Event: 25.495 GC heap before
{Heap before GC invocations=23 (full 0):
 garbage-first heap   total 71680K, used 57986K [0x0000000082000000, 0x0000000100000000)
  region size 1024K, 27 young (27648K), 2 survivors (2048K)
 Metaspace       used 66886K, committed 67456K, reserved 1114112K
  class space    used 9109K, committed 9408K, reserved 1048576K
}
Event: 25.497 GC heap after
{Heap after GC invocations=24 (full 0):
 garbage-first heap   total 71680K, used 32507K [0x0000000082000000, 0x0000000100000000)
  region size 1024K, 3 young (3072K), 3 survivors (3072K)
 Metaspace       used 66886K, committed 67456K, reserved 1114112K
  class space    used 9109K, committed 9408K, reserved 1048576K
}
Event: 31.142 GC heap before
{Heap before GC invocations=24 (full 0):
 garbage-first heap   total 71680K, used 57083K [0x0000000082000000, 0x0000000100000000)
  region size 1024K, 27 young (27648K), 3 survivors (3072K)
 Metaspace       used 66887K, committed 67456K, reserved 1114112K
  class space    used 9109K, committed 9408K, reserved 1048576K
}
Event: 31.144 GC heap after
{Heap after GC invocations=25 (full 0):
 garbage-first heap   total 71680K, used 32353K [0x0000000082000000, 0x0000000100000000)
  region size 1024K, 2 young (2048K), 2 survivors (2048K)
 Metaspace       used 66887K, committed 67456K, reserved 1114112K
  class space    used 9109K, committed 9408K, reserved 1048576K
}
Event: 37.241 GC heap before
{Heap before GC invocations=25 (full 0):
 garbage-first heap   total 71680K, used 57953K [0x0000000082000000, 0x0000000100000000)
  region size 1024K, 27 young (27648K), 2 survivors (2048K)
 Metaspace       used 66887K, committed 67456K, reserved 1114112K
  class space    used 9109K, committed 9408K, reserved 1048576K
}
Event: 37.244 GC heap after
{Heap after GC invocations=26 (full 0):
 garbage-first heap   total 71680K, used 32386K [0x0000000082000000, 0x0000000100000000)
  region size 1024K, 2 young (2048K), 2 survivors (2048K)
 Metaspace       used 66887K, committed 67456K, reserved 1114112K
  class space    used 9109K, committed 9408K, reserved 1048576K
}
Event: 42.908 GC heap before
{Heap before GC invocations=26 (full 0):
 garbage-first heap   total 71680K, used 57986K [0x0000000082000000, 0x0000000100000000)
  region size 1024K, 27 young (27648K), 2 survivors (2048K)
 Metaspace       used 66887K, committed 67456K, reserved 1114112K
  class space    used 9109K, committed 9408K, reserved 1048576K
}
Event: 42.911 GC heap after
{Heap after GC invocations=27 (full 0):
 garbage-first heap   total 71680K, used 32386K [0x0000000082000000, 0x0000000100000000)
  region size 1024K, 2 young (2048K), 2 survivors (2048K)
 Metaspace       used 66887K, committed 67456K, reserved 1114112K
  class space    used 9109K, committed 9408K, reserved 1048576K
}
Event: 49.351 GC heap before
{Heap before GC invocations=27 (full 0):
 garbage-first heap   total 71680K, used 59010K [0x0000000082000000, 0x0000000100000000)
  region size 1024K, 28 young (28672K), 2 survivors (2048K)
 Metaspace       used 66887K, committed 67456K, reserved 1114112K
  class space    used 9109K, committed 9408K, reserved 1048576K
}
Event: 49.353 GC heap after
{Heap after GC invocations=28 (full 0):
 garbage-first heap   total 71680K, used 31362K [0x0000000082000000, 0x0000000100000000)
  region size 1024K, 1 young (1024K), 1 survivors (1024K)
 Metaspace       used 66887K, committed 67456K, reserved 1114112K
  class space    used 9109K, committed 9408K, reserved 1048576K
}
Event: 55.274 GC heap before
{Heap before GC invocations=28 (full 0):
 garbage-first heap   total 71680K, used 59010K [0x0000000082000000, 0x0000000100000000)
  region size 1024K, 28 young (28672K), 1 survivors (1024K)
 Metaspace       used 66888K, committed 67456K, reserved 1114112K
  class space    used 9109K, committed 9408K, reserved 1048576K
}
Event: 55.277 GC heap after
{Heap after GC invocations=29 (full 0):
 garbage-first heap   total 71680K, used 32295K [0x0000000082000000, 0x0000000100000000)
  region size 1024K, 2 young (2048K), 2 survivors (2048K)
 Metaspace       used 66888K, committed 67456K, reserved 1114112K
  class space    used 9109K, committed 9408K, reserved 1048576K
}
Event: 61.972 GC heap before
{Heap before GC invocations=29 (full 0):
 garbage-first heap   total 71680K, used 58919K [0x0000000082000000, 0x0000000100000000)
  region size 1024K, 28 young (28672K), 2 survivors (2048K)
 Metaspace       used 66889K, committed 67456K, reserved 1114112K
  class space    used 9109K, committed 9408K, reserved 1048576K
}
Event: 61.974 GC heap after
{Heap after GC invocations=30 (full 0):
 garbage-first heap   total 71680K, used 31007K [0x0000000082000000, 0x0000000100000000)
  region size 1024K, 1 young (1024K), 1 survivors (1024K)
 Metaspace       used 66889K, committed 67456K, reserved 1114112K
  class space    used 9109K, committed 9408K, reserved 1048576K
}

